adaptionsjjc/build/outputs/logs/manifest-merger-release-report.txt
-- Merging decision tree log ---
manifest
ADDED from src\main\AndroidManifest.xml:2:1-366:12
	package
		ADDED from src\main\AndroidManifest.xml:3:5-29
		INJECTED from src\main\AndroidManifest.xml
		INJECTED from src\main\AndroidManifest.xml
	android:versionName
		INJECTED from src\main\AndroidManifest.xml
		INJECTED from src\main\AndroidManifest.xml
	xmlns:android
		ADDED from src\main\AndroidManifest.xml:2:11-69
	android:versionCode
		INJECTED from src\main\AndroidManifest.xml
		INJECTED from src\main\AndroidManifest.xml
uses-permission#android.permission.GET_TASKS
ADDED from src\main\AndroidManifest.xml:5:5-68
	android:name
		ADDED from src\main\AndroidManifest.xml:5:22-65
uses-permission#android.permission.INTERNET
ADDED from src\main\AndroidManifest.xml:6:5-67
MERGED from [com.cnksi:ksynclib:3.0.12] AndroidManifest.xml:16:5-67
	android:name
		ADDED from src\main\AndroidManifest.xml:6:22-64
uses-permission#android.permission.CALL_PHONE
ADDED from src\main\AndroidManifest.xml:7:5-69
	android:name
		ADDED from src\main\AndroidManifest.xml:7:22-66
uses-permission#android.permission.ACCESS_NETWORK_STATE
ADDED from src\main\AndroidManifest.xml:8:5-79
MERGED from [com.cnksi:ksynclib:3.0.12] AndroidManifest.xml:14:5-79
	android:name
		ADDED from src\main\AndroidManifest.xml:8:22-76
uses-permission#android.permission.READ_PHONE_STATE
ADDED from src\main\AndroidManifest.xml:9:5-75
	android:name
		ADDED from src\main\AndroidManifest.xml:9:22-72
uses-permission#android.permission.VIBRATE
ADDED from src\main\AndroidManifest.xml:10:5-66
	android:name
		ADDED from src\main\AndroidManifest.xml:10:22-63
uses-permission#android.permission.KILL_BACKGROUND_PROCESSES
ADDED from src\main\AndroidManifest.xml:11:5-84
	android:name
		ADDED from src\main\AndroidManifest.xml:11:22-81
uses-permission#android.permission.BLUETOOTH_ADMIN
ADDED from src\main\AndroidManifest.xml:13:5-74
	android:name
		ADDED from src\main\AndroidManifest.xml:13:22-71
uses-permission#android.permission.BLUETOOTH
ADDED from src\main\AndroidManifest.xml:14:5-68
	android:name
		ADDED from src\main\AndroidManifest.xml:14:22-65
uses-permission#android.permission.READ_EXTERNAL_STORAGE
ADDED from src\main\AndroidManifest.xml:15:5-80
	android:name
		ADDED from src\main\AndroidManifest.xml:15:22-77
uses-permission#android.permission.ACCESS_COARSE_LOCATION
ADDED from src\main\AndroidManifest.xml:17:5-81
	android:name
		ADDED from src\main\AndroidManifest.xml:17:22-78
uses-permission#android.permission.ACCESS_FINE_LOCATION
ADDED from src\main\AndroidManifest.xml:19:5-79
	android:name
		ADDED from src\main\AndroidManifest.xml:19:22-76
uses-permission#android.permission.ACCESS_WIFI_STATE
ADDED from src\main\AndroidManifest.xml:21:5-76
MERGED from [com.cnksi:ksynclib:3.0.12] AndroidManifest.xml:15:5-76
	android:name
		ADDED from src\main\AndroidManifest.xml:21:22-73
uses-permission#android.permission.CHANGE_WIFI_STATE
ADDED from src\main\AndroidManifest.xml:23:5-76
MERGED from [com.cnksi:ksynclib:3.0.12] AndroidManifest.xml:13:5-76
	android:name
		ADDED from src\main\AndroidManifest.xml:23:22-73
uses-permission#android.permission.WRITE_EXTERNAL_STORAGE
ADDED from src\main\AndroidManifest.xml:25:5-81
MERGED from [com.cnksi:ksynclib:3.0.12] AndroidManifest.xml:20:5-81
	android:name
		ADDED from src\main\AndroidManifest.xml:25:22-78
uses-permission#android.permission.READ_LOGS
ADDED from src\main\AndroidManifest.xml:27:5-68
	android:name
		ADDED from src\main\AndroidManifest.xml:27:22-65
uses-permission#android.permission.WAKE_LOCK
ADDED from src\main\AndroidManifest.xml:28:5-68
MERGED from [com.cnksi:ksynclib:3.0.12] AndroidManifest.xml:17:5-68
	android:name
		ADDED from src\main\AndroidManifest.xml:28:22-65
uses-permission#android.permission.WRITE_SETTINGS
ADDED from src\main\AndroidManifest.xml:29:5-73
	android:name
		ADDED from src\main\AndroidManifest.xml:29:22-70
uses-permission#android.permission.CHANGE_NETWORK_STATE
ADDED from src\main\AndroidManifest.xml:30:5-79
MERGED from [com.cnksi:ksynclib:3.0.12] AndroidManifest.xml:12:5-79
	android:name
		ADDED from src\main\AndroidManifest.xml:30:22-76
uses-permission#android.permission.READ_CONTACTS
ADDED from src\main\AndroidManifest.xml:31:5-72
	android:name
		ADDED from src\main\AndroidManifest.xml:31:22-69
uses-permission#android.permission.CAMERA
ADDED from src\main\AndroidManifest.xml:33:5-65
	android:name
		ADDED from src\main\AndroidManifest.xml:33:22-62
uses-permission#android.permission.READ_SMS
ADDED from src\main\AndroidManifest.xml:34:5-67
	android:name
		ADDED from src\main\AndroidManifest.xml:34:22-64
uses-permission#android.permission.SEND_SMS
ADDED from src\main\AndroidManifest.xml:35:5-67
	android:name
		ADDED from src\main\AndroidManifest.xml:35:22-64
uses-permission#android.permission.FLASHLIGHT
ADDED from src\main\AndroidManifest.xml:36:5-69
	android:name
		ADDED from src\main\AndroidManifest.xml:36:22-66
uses-permission#android.permission.SYSTEM_ALERT_WINDOW
ADDED from src\main\AndroidManifest.xml:37:5-78
	android:name
		ADDED from src\main\AndroidManifest.xml:37:22-75
uses-permission#android.permission.MOUNT_UNMOUNT_FILESYSTEMS
ADDED from src\main\AndroidManifest.xml:38:5-84
	android:name
		ADDED from src\main\AndroidManifest.xml:38:22-81
uses-permission#android.permission.RECORD_AUDIO
ADDED from src\main\AndroidManifest.xml:39:5-71
	android:name
		ADDED from src\main\AndroidManifest.xml:39:22-68
application
ADDED from src\main\AndroidManifest.xml:41:5-364:19
MERGED from [sjjc_android:cnksicore:unspecified] AndroidManifest.xml:11:5-15:19
MERGED from [com.android.support:design:23.2.0] AndroidManifest.xml:22:5-20
MERGED from [org.xutils:xutils:3.3.22] AndroidManifest.xml:12:5-20
MERGED from [:flironesdk:] AndroidManifest.xml:11:5-14:19
MERGED from [com.cnksi:ksynclib:3.0.12] AndroidManifest.xml:22:5-27:19
MERGED from [com.android.support:appcompat-v7:25.0.0] AndroidManifest.xml:25:5-20
MERGED from [com.android.support:animated-vector-drawable:25.0.0] AndroidManifest.xml:22:5-20
MERGED from [com.android.support:support-vector-drawable:25.0.0] AndroidManifest.xml:23:5-20
MERGED from [com.android.support:support-v4:25.0.0] AndroidManifest.xml:25:5-20
MERGED from [com.android.support:support-fragment:25.0.0] AndroidManifest.xml:25:5-20
MERGED from [com.android.support:support-media-compat:25.0.0] AndroidManifest.xml:25:5-20
MERGED from [com.android.support:support-core-ui:25.0.0] AndroidManifest.xml:25:5-20
MERGED from [com.android.support:support-core-utils:25.0.0] AndroidManifest.xml:25:5-20
MERGED from [com.android.support:support-compat:25.0.0] AndroidManifest.xml:25:5-20
	android:label
		ADDED from src\main\AndroidManifest.xml:45:9-41
	android:supportsRtl
		ADDED from [sjjc_android:cnksicore:unspecified] AndroidManifest.xml:14:9-35
	android:allowBackup
		ADDED from src\main\AndroidManifest.xml:43:9-35
	android:icon
		ADDED from src\main\AndroidManifest.xml:44:9-40
	android:theme
		ADDED from src\main\AndroidManifest.xml:46:9-40
	android:name
		ADDED from src\main\AndroidManifest.xml:42:9-42
meta-data#com.baidu.lbsapi.API_KEY
ADDED from src\main\AndroidManifest.xml:50:9-52:56
	android:value
		ADDED from src\main\AndroidManifest.xml:52:13-53
	android:name
		ADDED from src\main\AndroidManifest.xml:51:13-52
activity#com.cnksi.sjjc.activity.LoginActivity
ADDED from src\main\AndroidManifest.xml:54:9-64:20
	android:screenOrientation
		ADDED from src\main\AndroidManifest.xml:58:13-49
	android:label
		ADDED from src\main\AndroidManifest.xml:56:13-45
	android:launchMode
		ADDED from src\main\AndroidManifest.xml:57:13-44
	android:theme
		ADDED from src\main\AndroidManifest.xml:59:13-49
	android:name
		ADDED from src\main\AndroidManifest.xml:55:13-51
intent-filter#android.intent.action.MAIN+android.intent.category.LAUNCHER
ADDED from src\main\AndroidManifest.xml:60:13-63:29
action#android.intent.action.MAIN
ADDED from src\main\AndroidManifest.xml:61:17-69
	android:name
		ADDED from src\main\AndroidManifest.xml:61:25-66
category#android.intent.category.LAUNCHER
ADDED from src\main\AndroidManifest.xml:62:17-77
	android:name
		ADDED from src\main\AndroidManifest.xml:62:27-74
activity#com.cnksi.sjjc.activity.LauncherActivity
ADDED from src\main\AndroidManifest.xml:65:9-71:75
	android:screenOrientation
		ADDED from src\main\AndroidManifest.xml:70:13-49
	android:launchMode
		ADDED from src\main\AndroidManifest.xml:69:13-44
	android:exported
		ADDED from src\main\AndroidManifest.xml:68:13-36
	android:windowSoftInputMode
		ADDED from src\main\AndroidManifest.xml:71:13-72
	android:configChanges
		ADDED from src\main\AndroidManifest.xml:67:13-74
	android:name
		ADDED from src\main\AndroidManifest.xml:66:13-54
activity#com.cnksi.sjjc.activity.TaskRemindActivity
ADDED from src\main\AndroidManifest.xml:72:9-77:75
	android:screenOrientation
		ADDED from src\main\AndroidManifest.xml:76:13-49
	android:launchMode
		ADDED from src\main\AndroidManifest.xml:75:13-44
	android:windowSoftInputMode
		ADDED from src\main\AndroidManifest.xml:77:13-72
	android:configChanges
		ADDED from src\main\AndroidManifest.xml:74:13-74
	android:name
		ADDED from src\main\AndroidManifest.xml:73:13-56
activity#com.cnksi.sjjc.activity.TransformAdjustmentRecordActivity
ADDED from src\main\AndroidManifest.xml:78:9-82:75
	android:screenOrientation
		ADDED from src\main\AndroidManifest.xml:81:13-49
	android:windowSoftInputMode
		ADDED from src\main\AndroidManifest.xml:82:13-72
	android:configChanges
		ADDED from src\main\AndroidManifest.xml:80:13-74
	android:name
		ADDED from src\main\AndroidManifest.xml:79:13-71
activity#com.cnksi.sjjc.activity.NewTransformRecordActivity
ADDED from src\main\AndroidManifest.xml:83:9-87:75
	android:screenOrientation
		ADDED from src\main\AndroidManifest.xml:86:13-49
	android:windowSoftInputMode
		ADDED from src\main\AndroidManifest.xml:87:13-72
	android:configChanges
		ADDED from src\main\AndroidManifest.xml:85:13-74
	android:name
		ADDED from src\main\AndroidManifest.xml:84:13-64
activity#com.cnksi.sjjc.activity.CopyValueReportActivity
ADDED from src\main\AndroidManifest.xml:88:9-94:75
	android:screenOrientation
		ADDED from src\main\AndroidManifest.xml:93:13-49
	android:launchMode
		ADDED from src\main\AndroidManifest.xml:92:13-44
	android:exported
		ADDED from src\main\AndroidManifest.xml:91:13-36
	android:windowSoftInputMode
		ADDED from src\main\AndroidManifest.xml:94:13-72
	android:configChanges
		ADDED from src\main\AndroidManifest.xml:90:13-74
	android:name
		ADDED from src\main\AndroidManifest.xml:89:13-61
activity#com.cnksi.sjjc.activity.IndoorHumitureRecordActivity
ADDED from src\main\AndroidManifest.xml:95:9-99:67
	android:screenOrientation
		ADDED from src\main\AndroidManifest.xml:98:13-49
	android:windowSoftInputMode
		ADDED from src\main\AndroidManifest.xml:99:13-64
	android:configChanges
		ADDED from src\main\AndroidManifest.xml:97:13-74
	android:name
		ADDED from src\main\AndroidManifest.xml:96:13-66
activity#com.cnksi.sjjc.activity.CopyBaseDataActivity
ADDED from src\main\AndroidManifest.xml:100:9-105:67
	android:screenOrientation
		ADDED from src\main\AndroidManifest.xml:104:13-49
	android:launchMode
		ADDED from src\main\AndroidManifest.xml:103:13-44
	android:windowSoftInputMode
		ADDED from src\main\AndroidManifest.xml:105:13-64
	android:configChanges
		ADDED from src\main\AndroidManifest.xml:102:13-74
	android:name
		ADDED from src\main\AndroidManifest.xml:101:13-58
activity#com.cnksi.sjjc.activity.DifferentialMotionRecordActivity
ADDED from src\main\AndroidManifest.xml:106:9-110:84
	android:screenOrientation
		ADDED from src\main\AndroidManifest.xml:109:13-49
	android:windowSoftInputMode
		ADDED from src\main\AndroidManifest.xml:110:13-72
	android:configChanges
		ADDED from src\main\AndroidManifest.xml:108:13-74
	android:name
		ADDED from src\main\AndroidManifest.xml:107:13-70
activity#com.cnksi.sjjc.activity.DifferentialMotionRecordActivity2
ADDED from src\main\AndroidManifest.xml:111:9-115:84
	android:screenOrientation
		ADDED from src\main\AndroidManifest.xml:114:13-49
	android:windowSoftInputMode
		ADDED from src\main\AndroidManifest.xml:115:13-72
	android:configChanges
		ADDED from src\main\AndroidManifest.xml:113:13-74
	android:name
		ADDED from src\main\AndroidManifest.xml:112:13-71
activity#com.cnksi.sjjc.activity.AllDeviceListActivity
ADDED from src\main\AndroidManifest.xml:116:9-120:75
	android:screenOrientation
		ADDED from src\main\AndroidManifest.xml:119:13-49
	android:windowSoftInputMode
		ADDED from src\main\AndroidManifest.xml:120:13-72
	android:configChanges
		ADDED from src\main\AndroidManifest.xml:118:13-74
	android:name
		ADDED from src\main\AndroidManifest.xml:117:13-59
activity#com.cnksi.sjjc.activity.CopyAllValueActivity
ADDED from src\main\AndroidManifest.xml:121:9-126:75
	android:screenOrientation
		ADDED from src\main\AndroidManifest.xml:125:13-49
	android:launchMode
		ADDED from src\main\AndroidManifest.xml:124:13-44
	android:windowSoftInputMode
		ADDED from src\main\AndroidManifest.xml:126:13-72
	android:configChanges
		ADDED from src\main\AndroidManifest.xml:123:13-74
	android:name
		ADDED from src\main\AndroidManifest.xml:122:13-58
activity#com.cnksi.sjjc.activity.CopyAllValueActivity2
ADDED from src\main\AndroidManifest.xml:127:9-132:75
	android:screenOrientation
		ADDED from src\main\AndroidManifest.xml:131:13-49
	android:launchMode
		ADDED from src\main\AndroidManifest.xml:130:13-44
	android:windowSoftInputMode
		ADDED from src\main\AndroidManifest.xml:132:13-72
	android:configChanges
		ADDED from src\main\AndroidManifest.xml:129:13-74
	android:name
		ADDED from src\main\AndroidManifest.xml:128:13-59
activity#com.cnksi.sjjc.activity.CopyAllValueActivity3
ADDED from src\main\AndroidManifest.xml:133:9-138:75
	android:screenOrientation
		ADDED from src\main\AndroidManifest.xml:137:13-49
	android:launchMode
		ADDED from src\main\AndroidManifest.xml:136:13-44
	android:windowSoftInputMode
		ADDED from src\main\AndroidManifest.xml:138:13-72
	android:configChanges
		ADDED from src\main\AndroidManifest.xml:135:13-74
	android:name
		ADDED from src\main\AndroidManifest.xml:134:13-59
activity#com.cnksi.sjjc.activity.DrawCircleImageActivity
ADDED from src\main\AndroidManifest.xml:139:9-143:75
	android:screenOrientation
		ADDED from src\main\AndroidManifest.xml:142:13-49
	android:windowSoftInputMode
		ADDED from src\main\AndroidManifest.xml:143:13-72
	android:configChanges
		ADDED from src\main\AndroidManifest.xml:141:13-74
	android:name
		ADDED from src\main\AndroidManifest.xml:140:13-61
activity#com.cnksi.sjjc.activity.ImageDetailsActivity
ADDED from src\main\AndroidManifest.xml:144:9-148:75
	android:screenOrientation
		ADDED from src\main\AndroidManifest.xml:147:13-49
	android:windowSoftInputMode
		ADDED from src\main\AndroidManifest.xml:148:13-72
	android:configChanges
		ADDED from src\main\AndroidManifest.xml:146:13-74
	android:name
		ADDED from src\main\AndroidManifest.xml:145:13-58
activity#com.cnksi.sjjc.activity.HWCWMainActivity
ADDED from src\main\AndroidManifest.xml:149:9-154:84
	android:screenOrientation
		ADDED from src\main\AndroidManifest.xml:153:13-49
	android:launchMode
		ADDED from src\main\AndroidManifest.xml:152:13-44
	android:windowSoftInputMode
		ADDED from src\main\AndroidManifest.xml:154:13-72
	android:configChanges
		ADDED from src\main\AndroidManifest.xml:151:13-74
	android:name
		ADDED from src\main\AndroidManifest.xml:150:13-54
activity#com.cnksi.sjjc.activity.HwcwPriviewActivity
ADDED from src\main\AndroidManifest.xml:155:9-169:20
	android:screenOrientation
		ADDED from src\main\AndroidManifest.xml:158:13-49
	android:windowSoftInputMode
		ADDED from src\main\AndroidManifest.xml:159:13-72
	android:configChanges
		ADDED from src\main\AndroidManifest.xml:157:13-74
	android:name
		ADDED from src\main\AndroidManifest.xml:156:13-57
activity#com.cnksi.sjjc.activity.AddTaskActivity
ADDED from src\main\AndroidManifest.xml:170:9-174:75
	android:screenOrientation
		ADDED from src\main\AndroidManifest.xml:173:13-49
	android:windowSoftInputMode
		ADDED from src\main\AndroidManifest.xml:174:13-72
	android:configChanges
		ADDED from src\main\AndroidManifest.xml:172:13-74
	android:name
		ADDED from src\main\AndroidManifest.xml:171:13-53
activity#com.cnksi.sjjc.activity.WorkTicketActivity
ADDED from src\main\AndroidManifest.xml:175:9-179:84
	android:screenOrientation
		ADDED from src\main\AndroidManifest.xml:178:13-49
	android:windowSoftInputMode
		ADDED from src\main\AndroidManifest.xml:179:13-72
	android:configChanges
		ADDED from src\main\AndroidManifest.xml:177:13-74
	android:name
		ADDED from src\main\AndroidManifest.xml:176:13-56
activity#com.cnksi.sjjc.activity.WorkPiaoActivity
ADDED from src\main\AndroidManifest.xml:180:9-184:84
	android:screenOrientation
		ADDED from src\main\AndroidManifest.xml:183:13-49
	android:windowSoftInputMode
		ADDED from src\main\AndroidManifest.xml:184:13-72
	android:configChanges
		ADDED from src\main\AndroidManifest.xml:182:13-74
	android:name
		ADDED from src\main\AndroidManifest.xml:181:13-54
activity#com.cnksi.sjjc.activity.WorkPlanInformationActivity
ADDED from src\main\AndroidManifest.xml:185:9-188:84
	android:screenOrientation
		ADDED from src\main\AndroidManifest.xml:187:13-49
	android:windowSoftInputMode
		ADDED from src\main\AndroidManifest.xml:188:13-72
	android:name
		ADDED from src\main\AndroidManifest.xml:186:13-65
activity#com.cnksi.sjjc.activity.JYHPJActivity
ADDED from src\main\AndroidManifest.xml:189:9-192:84
	android:screenOrientation
		ADDED from src\main\AndroidManifest.xml:191:13-49
	android:windowSoftInputMode
		ADDED from src\main\AndroidManifest.xml:192:13-72
	android:name
		ADDED from src\main\AndroidManifest.xml:190:13-51
activity#com.cnksi.sjjc.activity.PJMainActivity
ADDED from src\main\AndroidManifest.xml:193:9-196:84
	android:screenOrientation
		ADDED from src\main\AndroidManifest.xml:195:13-49
	android:windowSoftInputMode
		ADDED from src\main\AndroidManifest.xml:196:13-72
	android:name
		ADDED from src\main\AndroidManifest.xml:194:13-52
activity#com.cnksi.sjjc.activity.HongWaiCeWenReportActivity
ADDED from src\main\AndroidManifest.xml:197:9-202:84
	android:screenOrientation
		ADDED from src\main\AndroidManifest.xml:201:13-49
	android:launchMode
		ADDED from src\main\AndroidManifest.xml:200:13-43
	android:windowSoftInputMode
		ADDED from src\main\AndroidManifest.xml:202:13-72
	android:configChanges
		ADDED from src\main\AndroidManifest.xml:199:13-74
	android:name
		ADDED from src\main\AndroidManifest.xml:198:13-64
activity#com.cnksi.sjjc.activity.SignNameActivity
ADDED from src\main\AndroidManifest.xml:203:9-207:84
	android:screenOrientation
		ADDED from src\main\AndroidManifest.xml:206:13-50
	android:windowSoftInputMode
		ADDED from src\main\AndroidManifest.xml:207:13-72
	android:configChanges
		ADDED from src\main\AndroidManifest.xml:205:13-74
	android:name
		ADDED from src\main\AndroidManifest.xml:204:13-54
activity#com.cnksi.sjjc.activity.TypeListActivity
ADDED from src\main\AndroidManifest.xml:208:9-213:84
	android:screenOrientation
		ADDED from src\main\AndroidManifest.xml:212:13-49
	android:exported
		ADDED from src\main\AndroidManifest.xml:211:13-36
	android:windowSoftInputMode
		ADDED from src\main\AndroidManifest.xml:213:13-72
	android:configChanges
		ADDED from src\main\AndroidManifest.xml:210:13-74
	android:name
		ADDED from src\main\AndroidManifest.xml:209:13-54
activity#com.cnksi.sjjc.sync.DataSync
ADDED from src\main\AndroidManifest.xml:214:9-219:84
	android:screenOrientation
		ADDED from src\main\AndroidManifest.xml:218:13-49
	android:launchMode
		ADDED from src\main\AndroidManifest.xml:217:13-44
	android:windowSoftInputMode
		ADDED from src\main\AndroidManifest.xml:219:13-72
	android:configChanges
		ADDED from src\main\AndroidManifest.xml:216:13-74
	android:name
		ADDED from src\main\AndroidManifest.xml:215:13-42
activity#com.cnksi.sjjc.activity.JZLFenJieKaiGuanReportActivity
ADDED from src\main\AndroidManifest.xml:221:9-225:75
	android:screenOrientation
		ADDED from src\main\AndroidManifest.xml:224:13-49
	android:windowSoftInputMode
		ADDED from src\main\AndroidManifest.xml:225:13-72
	android:configChanges
		ADDED from src\main\AndroidManifest.xml:223:13-74
	android:name
		ADDED from src\main\AndroidManifest.xml:222:13-68
activity#com.cnksi.sjjc.activity.DialogActivity
ADDED from src\main\AndroidManifest.xml:228:9-233:75
	android:screenOrientation
		ADDED from src\main\AndroidManifest.xml:231:13-49
	android:windowSoftInputMode
		ADDED from src\main\AndroidManifest.xml:233:13-72
	android:configChanges
		ADDED from src\main\AndroidManifest.xml:230:13-74
	android:theme
		ADDED from src\main\AndroidManifest.xml:232:13-49
	android:name
		ADDED from src\main\AndroidManifest.xml:229:13-52
activity#com.cnksi.sjjc.activity.PlayVideoActivity
ADDED from src\main\AndroidManifest.xml:237:9-241:75
	android:screenOrientation
		ADDED from src\main\AndroidManifest.xml:240:13-49
	android:windowSoftInputMode
		ADDED from src\main\AndroidManifest.xml:241:13-72
	android:configChanges
		ADDED from src\main\AndroidManifest.xml:239:13-74
	android:name
		ADDED from src\main\AndroidManifest.xml:238:13-55
activity#com.cnksi.sjjc.activity.QinYouShiByqYanShouActivity
ADDED from src\main\AndroidManifest.xml:242:9-246:55
	android:screenOrientation
		ADDED from src\main\AndroidManifest.xml:245:13-49
	android:windowSoftInputMode
		ADDED from src\main\AndroidManifest.xml:246:13-52
	android:configChanges
		ADDED from src\main\AndroidManifest.xml:244:13-74
	android:name
		ADDED from src\main\AndroidManifest.xml:243:13-65
activity#com.cnksi.sjjc.activity.GetSendLetterActivity
ADDED from src\main\AndroidManifest.xml:247:9-251:64
	android:screenOrientation
		ADDED from src\main\AndroidManifest.xml:250:13-49
	android:windowSoftInputMode
		ADDED from src\main\AndroidManifest.xml:251:13-52
	android:configChanges
		ADDED from src\main\AndroidManifest.xml:249:13-74
	android:name
		ADDED from src\main\AndroidManifest.xml:248:13-59
activity#com.cnksi.sjjc.activity.GetSendLetterReportActivity
ADDED from src\main\AndroidManifest.xml:252:9-256:64
	android:screenOrientation
		ADDED from src\main\AndroidManifest.xml:255:13-49
	android:windowSoftInputMode
		ADDED from src\main\AndroidManifest.xml:256:13-52
	android:configChanges
		ADDED from src\main\AndroidManifest.xml:254:13-74
	android:name
		ADDED from src\main\AndroidManifest.xml:253:13-65
activity#com.cnksi.sjjc.activity.PreventAnimalActivity
ADDED from src\main\AndroidManifest.xml:258:9-263:64
	android:screenOrientation
		ADDED from src\main\AndroidManifest.xml:262:13-49
	android:launchMode
		ADDED from src\main\AndroidManifest.xml:261:13-44
	android:windowSoftInputMode
		ADDED from src\main\AndroidManifest.xml:263:13-52
	android:configChanges
		ADDED from src\main\AndroidManifest.xml:260:13-74
	android:name
		ADDED from src\main\AndroidManifest.xml:259:13-59
activity#com.cnksi.sjjc.activity.PreventAnimalSecondActivity
ADDED from src\main\AndroidManifest.xml:266:9-270:64
	android:screenOrientation
		ADDED from src\main\AndroidManifest.xml:269:13-49
	android:windowSoftInputMode
		ADDED from src\main\AndroidManifest.xml:270:13-52
	android:configChanges
		ADDED from src\main\AndroidManifest.xml:268:13-74
	android:name
		ADDED from src\main\AndroidManifest.xml:267:13-65
activity#com.cnksi.sjjc.activity.AnimalReportActivity
ADDED from src\main\AndroidManifest.xml:272:9-276:64
	android:screenOrientation
		ADDED from src\main\AndroidManifest.xml:275:13-49
	android:windowSoftInputMode
		ADDED from src\main\AndroidManifest.xml:276:13-52
	android:configChanges
		ADDED from src\main\AndroidManifest.xml:274:13-74
	android:name
		ADDED from src\main\AndroidManifest.xml:273:13-58
activity#com.cnksi.sjjc.activity.XianCunHoleActivity
ADDED from src\main\AndroidManifest.xml:278:9-282:64
	android:screenOrientation
		ADDED from src\main\AndroidManifest.xml:281:13-49
	android:windowSoftInputMode
		ADDED from src\main\AndroidManifest.xml:282:13-52
	android:configChanges
		ADDED from src\main\AndroidManifest.xml:280:13-74
	android:name
		ADDED from src\main\AndroidManifest.xml:279:13-57
activity#com.cnksi.sjjc.activity.DiscoverHoleActivity
ADDED from src\main\AndroidManifest.xml:284:9-288:64
	android:screenOrientation
		ADDED from src\main\AndroidManifest.xml:287:13-49
	android:windowSoftInputMode
		ADDED from src\main\AndroidManifest.xml:288:13-52
	android:configChanges
		ADDED from src\main\AndroidManifest.xml:286:13-74
	android:name
		ADDED from src\main\AndroidManifest.xml:285:13-58
activity#com.cnksi.sjjc.activity.BatteryTestActivity
ADDED from src\main\AndroidManifest.xml:290:9-295:64
	android:screenOrientation
		ADDED from src\main\AndroidManifest.xml:294:13-49
	android:exported
		ADDED from src\main\AndroidManifest.xml:293:13-36
	android:windowSoftInputMode
		ADDED from src\main\AndroidManifest.xml:295:13-52
	android:configChanges
		ADDED from src\main\AndroidManifest.xml:292:13-74
	android:name
		ADDED from src\main\AndroidManifest.xml:291:13-57
activity#com.cnksi.sjjc.activity.BatteryDialogActivity
ADDED from src\main\AndroidManifest.xml:299:9-304:91
	android:screenOrientation
		ADDED from src\main\AndroidManifest.xml:302:13-49
	android:windowSoftInputMode
		ADDED from src\main\AndroidManifest.xml:304:13-79
	android:configChanges
		ADDED from src\main\AndroidManifest.xml:301:13-74
	android:theme
		ADDED from src\main\AndroidManifest.xml:303:13-49
	android:name
		ADDED from src\main\AndroidManifest.xml:300:13-59
activity#com.cnksi.sjjc.activity.BatteryFinishActivity
ADDED from src\main\AndroidManifest.xml:308:9-312:64
	android:screenOrientation
		ADDED from src\main\AndroidManifest.xml:311:13-49
	android:windowSoftInputMode
		ADDED from src\main\AndroidManifest.xml:312:13-52
	android:configChanges
		ADDED from src\main\AndroidManifest.xml:310:13-74
	android:name
		ADDED from src\main\AndroidManifest.xml:309:13-59
activity#com.cnksi.sjjc.activity.BatteryTestReportActivity
ADDED from src\main\AndroidManifest.xml:315:9-320:64
	android:screenOrientation
		ADDED from src\main\AndroidManifest.xml:319:13-49
	android:exported
		ADDED from src\main\AndroidManifest.xml:318:13-36
	android:windowSoftInputMode
		ADDED from src\main\AndroidManifest.xml:320:13-52
	android:configChanges
		ADDED from src\main\AndroidManifest.xml:317:13-74
	android:name
		ADDED from src\main\AndroidManifest.xml:316:13-63
receiver#com.cnksi.sjjc.receiver.USBBroardCastReceiver
ADDED from src\main\AndroidManifest.xml:323:9-330:20
	android:name
		ADDED from src\main\AndroidManifest.xml:323:19-65
intent-filter#android.intent.action.ACTION_POWER_CONNECTED+android.intent.action.ACTION_POWER_DISCONNECTED
ADDED from src\main\AndroidManifest.xml:324:13-329:29
	android:priority
		ADDED from src\main\AndroidManifest.xml:324:28-57
action#android.intent.action.ACTION_POWER_CONNECTED
ADDED from src\main\AndroidManifest.xml:325:17-87
	android:name
		ADDED from src\main\AndroidManifest.xml:325:25-84
action#android.intent.action.ACTION_POWER_DISCONNECTED
ADDED from src\main\AndroidManifest.xml:326:17-90
	android:name
		ADDED from src\main\AndroidManifest.xml:326:25-87
data
ADDED from src\main\AndroidManifest.xml:328:17-47
	android:scheme
		ADDED from src\main\AndroidManifest.xml:328:23-44
activity#com.cnksi.sjjc.activity.VideoPlayer
ADDED from src\main\AndroidManifest.xml:332:9-58
	android:name
		ADDED from src\main\AndroidManifest.xml:332:19-55
activity#com.cnksi.core.activity.PermissionActivity
ADDED from src\main\AndroidManifest.xml:333:9-79
	android:name
		ADDED from src\main\AndroidManifest.xml:333:19-76
activity#com.cnksi.ksynclib.activity.KSyncDebugActivity
ADDED from src\main\AndroidManifest.xml:334:9-83
	android:name
		ADDED from src\main\AndroidManifest.xml:334:19-80
activity#com.cnksi.ksynclib.activity.KSyncXJActivity
ADDED from src\main\AndroidManifest.xml:335:9-80
MERGED from [com.cnksi:ksynclib:3.0.12] AndroidManifest.xml:26:9-80
	android:name
		ADDED from src\main\AndroidManifest.xml:335:19-77
receiver#com.cnksi.sjjc.receiver.NetWorkDisableReceiver
ADDED from src\main\AndroidManifest.xml:337:9-342:20
	android:name
		ADDED from src\main\AndroidManifest.xml:337:19-80
intent-filter#android.net.conn.CONNECTIVITY_CHANGE+android.net.wifi.WIFI_STATE_CHANGED
ADDED from src\main\AndroidManifest.xml:338:13-341:29
	android:priority
		ADDED from src\main\AndroidManifest.xml:338:28-57
action#android.net.wifi.WIFI_STATE_CHANGED
ADDED from src\main\AndroidManifest.xml:339:17-78
	android:name
		ADDED from src\main\AndroidManifest.xml:339:25-75
action#android.net.conn.CONNECTIVITY_CHANGE
ADDED from src\main\AndroidManifest.xml:340:17-86
	android:name
		ADDED from src\main\AndroidManifest.xml:340:25-76
service#com.baidu.location.f
ADDED from src\main\AndroidManifest.xml:344:9-351:19
	android:enabled
		ADDED from src\main\AndroidManifest.xml:346:13-35
	android:process
		ADDED from src\main\AndroidManifest.xml:347:13-38
	android:name
		ADDED from src\main\AndroidManifest.xml:345:13-48
intent-filter#com.baidu.location.service_v2.2
ADDED from src\main\AndroidManifest.xml:348:13-350:29
action#com.baidu.location.service_v2.2
ADDED from src\main\AndroidManifest.xml:349:17-81
	android:name
		ADDED from src\main\AndroidManifest.xml:349:25-71
service#com.cnksi.sjjc.service.androidservice.LocatoinService
ADDED from src\main\AndroidManifest.xml:352:9-356:19
	android:name
		ADDED from src\main\AndroidManifest.xml:352:18-86
intent-filter#com.cnksi.sjjc.service.androidservice.LocatoinService
ADDED from src\main\AndroidManifest.xml:353:13-355:29
action#com.cnksi.sjjc.service.androidservice.LocatoinService
ADDED from src\main\AndroidManifest.xml:354:17-103
	android:name
		ADDED from src\main\AndroidManifest.xml:354:25-93
meta-data#design_width
ADDED from src\main\AndroidManifest.xml:358:9-360:36
	android:value
		ADDED from src\main\AndroidManifest.xml:360:13-33
	android:name
		ADDED from src\main\AndroidManifest.xml:359:13-40
meta-data#design_height
ADDED from src\main\AndroidManifest.xml:361:9-363:36
	android:value
		ADDED from src\main\AndroidManifest.xml:363:13-33